<?xml version="1.0" encoding="UTF-8"?>
<!-- Generated by org.testng.reporters.JUnitReportReporter -->
<testsuite name="com.inetbanking.testcases.TC_LoginTest_001" tests="1" time="2.446" ignored="1" failures="0" timestamp="13 Apr 2021 04:54:01 GMT" skipped="0" hostname="Pradeep-PC" errors="0">
  <testcase name="LoginTest" time="2.446" classname="com.inetbanking.testcases.TC_LoginTest_001"/>
  <testcase name="addNewCustomer" classname="com.inetbanking.testcases.TC_AddCustomrTest_003">
    <skipped/>
  </testcase> <!-- addNewCustomer -->
</testsuite> <!-- com.inetbanking.testcases.TC_LoginTest_001 -->
