<?xml version="1.0" encoding="UTF-8"?>
<!-- Generated by org.testng.reporters.JUnitReportReporter -->
<testsuite name="com.inetbanking.testcases.TC_AddCustomrTest_003" tests="1" time="17.468" ignored="0" failures="0" timestamp="13 Apr 2021 04:40:37 GMT" skipped="0" hostname="Pradeep-PC" errors="0">
  <testcase name="addNewCustomer" time="17.468" classname="com.inetbanking.testcases.TC_AddCustomrTest_003"/>
</testsuite> <!-- com.inetbanking.testcases.TC_AddCustomrTest_003 -->
