<?xml version="1.0" encoding="UTF-8"?>
<!-- Generated by org.testng.reporters.JUnitReportReporter -->
<testsuite name="com.inetbanking.testcases.TC_LoginTest_001" tests="1" time="3.345" ignored="0" failures="0" timestamp="14 Apr 2021 03:13:02 GMT" skipped="0" hostname="Pradeep-PC" errors="0">
  <testcase name="LoginTest" time="3.345" classname="com.inetbanking.testcases.TC_LoginTest_001"/>
</testsuite> <!-- com.inetbanking.testcases.TC_LoginTest_001 -->
